<?xml version="1.0" encoding="UTF-8"?>
<!-- Generated by org.testng.reporters.JUnitXMLReporter -->
<testsuite ignored="0" hostname="Er_Ankur_Sharma" failures="0" tests="8" name="Automaton Practice Site TestCases" time="114.542" errors="0" timestamp="2024-11-26T17:44:23 IST">
  <testcase classname="crm.qa.testcases.BasketPageTest" name="@BeforeMethod SetUp" time="6.678">
    <failure type="org.openqa.selenium.ElementClickInterceptedException" message="element click intercepted: Element &amp;lt;input type=&amp;quot;submit&amp;quot; class=&amp;quot;woocommerce-Button button&amp;quot; name=&amp;quot;login&amp;quot; value=&amp;quot;Login&amp;quot;&amp;gt; is not clickable at point (120, 445). Other element would receive the click: &amp;lt;div id=&amp;quot;aswift_5_host&amp;quot; style=&amp;quot;border: none !important; height: 120px !important; width: 100% !important; margin: 0px !important; padding: 0px !important; position: relative !important; visibility: visible !important; background-color: transparent !important; display: inline-block !important; inset: auto !important; clear: none !important; float: none !important; max-height: none !important; max-width: none !important; opacity: 1 !important; overflow: visible !important; vertical-align: baseline !important; z-index: auto !important;&amp;quot;&amp;gt;...&amp;lt;/div&amp;gt;
  (Session info: chrome=131.0.6778.86)
Build info: version: &amp;apos;4.26.0&amp;apos;, revision: &amp;apos;8ccf0219d7&amp;apos;
System info: os.name: &amp;apos;Windows 11&amp;apos;, os.arch: &amp;apos;amd64&amp;apos;, os.version: &amp;apos;10.0&amp;apos;, java.version: &amp;apos;21.0.4&amp;apos;
Driver info: org.openqa.selenium.chrome.ChromeDriver
Command: [9b1ec9f61f527bb0b59d25c21c998e7d, clickElement {id=f.76E8DB9C77A38A7B771769CDCA2F4A0F.d.081636E76DF141E2DDB84AC15C49F835.e.22}]
Capabilities {acceptInsecureCerts: false, browserName: chrome, browserVersion: 131.0.6778.86, chrome: {chromedriverVersion: 130.0.6723.116 (6ac35f94ae3..., userDataDir: C:\Users\ankur\AppData\Loca...}, fedcm:accounts: true, goog:chromeOptions: {debuggerAddress: localhost:54051}, networkConnectionEnabled: false, pageLoadStrategy: normal, platformName: windows, proxy: Proxy(), se:cdp: ws://localhost:54051/devtoo..., se:cdpVersion: 131.0.6778.86, setWindowRect: true, strictFileInteractability: false, timeouts: {implicit: 0, pageLoad: 300000, script: 30000}, unhandledPromptBehavior: dismiss and notify, webauthn:extension:credBlob: true, webauthn:extension:largeBlob: true, webauthn:extension:minPinLength: true, webauthn:extension:prf: true, webauthn:virtualAuthenticators: true}
Element: [[ChromeDriver: chrome on windows (9b1ec9f61f527bb0b59d25c21c998e7d)] -&amp;gt; xpath: //input[@name=&amp;apos;login&amp;apos;]]
Session ID: 9b1ec9f61f527bb0b59d25c21c998e7d">
      <![CDATA[org.openqa.selenium.ElementClickInterceptedException: element click intercepted: Element <input type="submit" class="woocommerce-Button button" name="login" value="Login"> is not clickable at point (120, 445). Other element would receive the click: <div id="aswift_5_host" style="border: none !important; height: 120px !important; width: 100% !important; margin: 0px !important; padding: 0px !important; position: relative !important; visibility: visible !important; background-color: transparent !important; display: inline-block !important; inset: auto !important; clear: none !important; float: none !important; max-height: none !important; max-width: none !important; opacity: 1 !important; overflow: visible !important; vertical-align: baseline !important; z-index: auto !important;">...</div>
  (Session info: chrome=131.0.6778.86)
Build info: version: '4.26.0', revision: '8ccf0219d7'
System info: os.name: 'Windows 11', os.arch: 'amd64', os.version: '10.0', java.version: '21.0.4'
Driver info: org.openqa.selenium.chrome.ChromeDriver
Command: [9b1ec9f61f527bb0b59d25c21c998e7d, clickElement {id=f.76E8DB9C77A38A7B771769CDCA2F4A0F.d.081636E76DF141E2DDB84AC15C49F835.e.22}]
Capabilities {acceptInsecureCerts: false, browserName: chrome, browserVersion: 131.0.6778.86, chrome: {chromedriverVersion: 130.0.6723.116 (6ac35f94ae3..., userDataDir: C:\Users\ankur\AppData\Loca...}, fedcm:accounts: true, goog:chromeOptions: {debuggerAddress: localhost:54051}, networkConnectionEnabled: false, pageLoadStrategy: normal, platformName: windows, proxy: Proxy(), se:cdp: ws://localhost:54051/devtoo..., se:cdpVersion: 131.0.6778.86, setWindowRect: true, strictFileInteractability: false, timeouts: {implicit: 0, pageLoad: 300000, script: 30000}, unhandledPromptBehavior: dismiss and notify, webauthn:extension:credBlob: true, webauthn:extension:largeBlob: true, webauthn:extension:minPinLength: true, webauthn:extension:prf: true, webauthn:virtualAuthenticators: true}
Element: [[ChromeDriver: chrome on windows (9b1ec9f61f527bb0b59d25c21c998e7d)] -> xpath: //input[@name='login']]
Session ID: 9b1ec9f61f527bb0b59d25c21c998e7d
at org.openqa.selenium.remote.ErrorCodec.decode(ErrorCodec.java:167)
at org.openqa.selenium.remote.codec.w3c.W3CHttpResponseCodec.decode(W3CHttpResponseCodec.java:138)
at org.openqa.selenium.remote.codec.w3c.W3CHttpResponseCodec.decode(W3CHttpResponseCodec.java:50)
at org.openqa.selenium.remote.HttpCommandExecutor.execute(HttpCommandExecutor.java:190)
at org.openqa.selenium.remote.service.DriverCommandExecutor.invokeExecute(DriverCommandExecutor.java:216)
at org.openqa.selenium.remote.service.DriverCommandExecutor.execute(DriverCommandExecutor.java:174)
at org.openqa.selenium.remote.RemoteWebDriver.execute(RemoteWebDriver.java:545)
at org.openqa.selenium.remote.RemoteWebElement.execute(RemoteWebElement.java:223)
at org.openqa.selenium.remote.RemoteWebElement.click(RemoteWebElement.java:76)
at org.openqa.selenium.support.pagefactory.internal.LocatingElementHandler.invoke(LocatingElementHandler.java:51)
at jdk.proxy2/jdk.proxy2.$Proxy12.click(Unknown Source)
at crm.qa.pages.LoginPage.login(LoginPage.java:37)
at crm.qa.testcases.BasketPageTest.SetUp(BasketPageTest.java:29)
at java.base/java.util.ArrayList.forEach(ArrayList.java:1596)
... Removed 34 stack frames]]>
    </failure>
  </testcase> <!-- @BeforeMethod SetUp -->
  <testcase classname="crm.qa.testcases.BasketPageTest" name="@AfterMethod tearDown" time="0.0">
    <skipped/>
  </testcase> <!-- @AfterMethod tearDown -->
  <testcase classname="crm.qa.testcases.LoginpageTest" name="atlogoTest" time="0.324"/>
  <testcase classname="crm.qa.testcases.LoginpageTest" name="loginTest" time="2.773"/>
  <testcase classname="crm.qa.testcases.HomePageTest" name="verifyHomePageTitleTest" time="0.031"/>
  <testcase classname="crm.qa.testcases.HomePageTest" name="VerifyuserNameLabel" time="0.041"/>
  <testcase classname="crm.qa.testcases.HomePageTest" name="ClickonButtonTest" time="3.634"/>
  <testcase classname="crm.qa.testcases.ProductPageTest" name="ClickonButtonTest" time="7.012"/>
  <testcase classname="crm.qa.testcases.BasketPageTest" name="ClickOnButtonTest" time="0.0">
    <skipped/>
  </testcase> <!-- ClickOnButtonTest -->
  <testcase classname="crm.qa.testcases.CheckoutPageTest" name="clickonButtonTest" time="37.164"/>
</testsuite> <!-- Automaton Practice Site TestCases -->
